2021-05-20T10:43:25: ********************************************************************************
2021-05-20T10:43:25: *                                   ctselect                                   *
2021-05-20T10:43:25: * ---------------------------------------------------------------------------- *
2021-05-20T10:43:25: * Version: 1.7.3                                                               *
2021-05-20T10:43:25: ********************************************************************************
2021-05-20T10:43:34: +============+
2021-05-20T10:43:34: | Parameters |
2021-05-20T10:43:34: +============+
2021-05-20T10:43:34:  inobs .....................: events_full_GRB.fits
2021-05-20T10:43:34:  outobs ....................: selected_events.fits
2021-05-20T10:43:34:  prefix ....................: selected_
2021-05-20T10:43:34:  usepnt ....................: no
2021-05-20T10:43:34:  ra ........................: 0.
2021-05-20T10:43:34:  dec .......................: 0.6
2021-05-20T10:43:34:  rad .......................: 0.2
2021-05-20T10:43:34:  forcesel ..................: no
2021-05-20T10:43:34:  tmin ......................: 0.
2021-05-20T10:43:34:  tmax ......................: 599.99991953373
2021-05-20T10:43:34:  emin ......................: 0.04
2021-05-20T10:43:34:  emax ......................: 10
2021-05-20T10:43:34:  phase .....................: NONE
2021-05-20T10:43:34:  expr ......................: 
2021-05-20T10:43:34:  usethres ..................: NONE
2021-05-20T10:43:34:  publish ...................: no
2021-05-20T10:43:34:  chatter ...................: 2
2021-05-20T10:43:34:  clobber ...................: yes
2021-05-20T10:43:34:  debug .....................: no
2021-05-20T10:43:34:  mode ......................: ql
2021-05-20T10:43:34:  logfile ...................: ctselect.log
2021-05-20T10:43:34: 
2021-05-20T10:43:34: +===================+
2021-05-20T10:43:34: | Input observation |
2021-05-20T10:43:34: +===================+
2021-05-20T10:43:34: === GObservations ===
2021-05-20T10:43:34:  Number of observations ....: 1
2021-05-20T10:43:34:  Number of models ..........: 0
2021-05-20T10:43:34:  Number of observed events .: 4586
2021-05-20T10:43:34:  Number of predicted events : 0
2021-05-20T10:43:34: 
2021-05-20T10:43:34: +=================+
2021-05-20T10:43:34: | Event selection |
2021-05-20T10:43:34: +=================+
2021-05-20T10:43:34: === CTA observation (id=000001) ===
2021-05-20T10:43:34:  Input filename ............: events_full_GRB.fits
2021-05-20T10:43:34:  Event extension name ......: EVENTS
2021-05-20T10:43:34:  GTI extension name ........: GTI
2021-05-20T10:43:34: === Event selection ===
2021-05-20T10:43:34:  Time range (MJD) ..........: 51544.5 - 51544.5069444435 days
2021-05-20T10:43:34:  Time range (UTC) ..........: 2000-01-01T11:58:56 - 2000-01-01T12:08:56
2021-05-20T10:43:34:  Time range (MET) ..........: 0 - 599.99991953373 seconds
2021-05-20T10:43:34:  Selected energy range .....: 0.04 - 10 TeV
2021-05-20T10:43:34:  Requested RoI .............: Centre(RA,DEC)=(0, 0.6) deg, Radius=0.2 deg
2021-05-20T10:43:34:  RoI of data ...............: Centre(RA,DEC)=(0, 0) deg, Radius=5 deg
2021-05-20T10:43:34:  Selected RoI ..............: Centre(RA,DEC)=(0, 0.6) deg, Radius=0.2 deg
2021-05-20T10:43:34:  cfitsio selection .........: TIME >= 0.00000000 && TIME <= 599.99991953 && ENERGY >= 0.04000000 && ENERGY <= 10.00000000 && ANGSEP(0.000000,0.600000,RA,DEC) <= 0.200000
2021-05-20T10:43:34:  FITS filename .............: /tmp/fileDzeiTr[EVENTS][TIME >= 0.00000000 && TIME <= 599.99991953 && ENERGY >= 0.04000000 && ENERGY <= 10.00000000 && ANGSEP(0.000000,0.600000,RA,DEC) <= 0.200000]
2021-05-20T10:43:34: 
2021-05-20T10:43:34: +====================+
2021-05-20T10:43:34: | Output observation |
2021-05-20T10:43:34: +====================+
2021-05-20T10:43:34: === GObservations ===
2021-05-20T10:43:34:  Number of observations ....: 1
2021-05-20T10:43:34:  Number of models ..........: 0
2021-05-20T10:43:34:  Number of observed events .: 3726
2021-05-20T10:43:34:  Number of predicted events : 0
2021-05-20T10:43:34: 
2021-05-20T10:43:34: +=================+
2021-05-20T10:43:34: | Save event list |
2021-05-20T10:43:34: +=================+
2021-05-20T10:43:34:  Event list file ...........: selected_events.fits[EVENTS]
2021-05-20T10:43:34: 
2021-05-20T10:43:34: Application "ctselect" terminated after 9 wall clock seconds, consuming 0.108567 seconds of CPU time.
